0 verbose cli /home/dnesllzp/.nvm/versions/node/v22.4.1/bin/node /home/dnesllzp/.nvm/versions/node/v22.4.1/bin/npm
1 info using npm@10.8.1
2 info using node@v22.4.1
3 silly config load:file:/home/dnesllzp/.nvm/versions/node/v22.4.1/lib/node_modules/npm/npmrc
4 silly config load:file:/home/dnesllzp/fabric_prototype/fabric-samples/asset-transfer-basic/chaincode-typescript/.npmrc
5 silly config load:file:/home/dnesllzp/.npmrc
6 silly config load:file:/home/dnesllzp/.nvm/versions/node/v22.4.1/etc/npmrc
7 verbose title npm install
8 verbose argv "install"
9 verbose logfile logs-max:10 dir:/home/dnesllzp/.npm/_logs/2024-07-27T23_38_19_107Z-
10 verbose logfile /home/dnesllzp/.npm/_logs/2024-07-27T23_38_19_107Z-debug-0.log
11 silly packumentCache heap:2197815296 maxSize:549453824 maxEntrySize:274726912
12 silly logfile start cleaning logs, removing 1 files
13 silly logfile done cleaning log files
14 silly idealTree buildDeps
15 silly reify moves {}
16 silly audit bulk request {
16 silly audit   '@colors/colors': [ '1.6.0' ],
16 silly audit   '@dabh/diagnostics': [ '2.0.3' ],
16 silly audit   '@eslint-community/eslint-utils': [ '4.4.0' ],
16 silly audit   '@eslint-community/regexpp': [ '4.10.1' ],
16 silly audit   '@eslint/eslintrc': [ '2.1.4' ],
16 silly audit   '@eslint/js': [ '9.4.0', '8.57.0' ],
16 silly audit   '@fidm/asn1': [ '1.0.4' ],
16 silly audit   '@fidm/x509': [ '1.2.1' ],
16 silly audit   '@grpc/grpc-js': [ '1.10.9' ],
16 silly audit   '@grpc/proto-loader': [ '0.7.13' ],
16 silly audit   '@humanwhocodes/config-array': [ '0.11.14' ],
16 silly audit   '@humanwhocodes/module-importer': [ '1.0.1' ],
16 silly audit   '@humanwhocodes/object-schema': [ '2.0.3' ],
16 silly audit   '@hyperledger/fabric-protos': [ '0.2.1' ],
16 silly audit   '@js-sdsl/ordered-map': [ '4.4.2' ],
16 silly audit   '@nodelib/fs.scandir': [ '2.1.5' ],
16 silly audit   '@nodelib/fs.stat': [ '2.0.5' ],
16 silly audit   '@nodelib/fs.walk': [ '1.2.8' ],
16 silly audit   '@protobufjs/aspromise': [ '1.1.2' ],
16 silly audit   '@protobufjs/base64': [ '1.1.2' ],
16 silly audit   '@protobufjs/codegen': [ '2.0.4' ],
16 silly audit   '@protobufjs/eventemitter': [ '1.1.0' ],
16 silly audit   '@protobufjs/fetch': [ '1.1.0' ],
16 silly audit   '@protobufjs/float': [ '1.0.2' ],
16 silly audit   '@protobufjs/inquire': [ '1.1.0' ],
16 silly audit   '@protobufjs/path': [ '1.1.2' ],
16 silly audit   '@protobufjs/pool': [ '1.1.0' ],
16 silly audit   '@protobufjs/utf8': [ '1.1.0' ],
16 silly audit   '@tsconfig/node18': [ '18.2.4' ],
16 silly audit   '@types/node': [ '18.19.34', '16.18.98' ],
16 silly audit   '@types/triple-beam': [ '1.3.5' ],
16 silly audit   '@typescript-eslint/eslint-plugin': [ '7.13.0' ],
16 silly audit   '@typescript-eslint/parser': [ '7.13.0' ],
16 silly audit   '@typescript-eslint/scope-manager': [ '7.13.0' ],
16 silly audit   '@typescript-eslint/type-utils': [ '7.13.0' ],
16 silly audit   '@typescript-eslint/types': [ '7.13.0' ],
16 silly audit   '@typescript-eslint/typescript-estree': [ '7.13.0' ],
16 silly audit   'brace-expansion': [ '2.0.1', '1.1.11' ],
16 silly audit   minimatch: [ '9.0.4', '3.1.2' ],
16 silly audit   '@typescript-eslint/utils': [ '7.13.0' ],
16 silly audit   '@typescript-eslint/visitor-keys': [ '7.13.0' ],
16 silly audit   '@ungap/structured-clone': [ '1.2.0' ],
16 silly audit   acorn: [ '8.11.3' ],
16 silly audit   'acorn-jsx': [ '5.3.2' ],
16 silly audit   ajv: [ '6.12.6' ],
16 silly audit   'ansi-regex': [ '5.0.1' ],
16 silly audit   'ansi-styles': [ '4.3.0' ],
16 silly audit   argparse: [ '2.0.1' ],
16 silly audit   'array-union': [ '2.1.0' ],
16 silly audit   async: [ '3.2.5' ],
16 silly audit   'balanced-match': [ '1.0.2' ],
16 silly audit   braces: [ '3.0.3' ],
16 silly audit   callsites: [ '3.1.0' ],
16 silly audit   chalk: [ '4.1.2' ],
16 silly audit   'class-transformer': [ '0.4.0' ],
16 silly audit   cliui: [ '8.0.1' ],
16 silly audit   color: [ '3.2.1' ],
16 silly audit   'color-convert': [ '2.0.1', '1.9.3' ],
16 silly audit   'color-name': [ '1.1.4', '1.1.3' ],
16 silly audit   'color-string': [ '1.9.1' ],
16 silly audit   colorspace: [ '1.1.4' ],
16 silly audit   'concat-map': [ '0.0.1' ],
16 silly audit   'cross-spawn': [ '7.0.3' ],
16 silly audit   debug: [ '4.3.5' ],
16 silly audit   'deep-is': [ '0.1.4' ],
16 silly audit   'dir-glob': [ '3.0.1' ],
16 silly audit   doctrine: [ '3.0.0' ],
16 silly audit   'emoji-regex': [ '8.0.0' ],
16 silly audit   enabled: [ '2.0.0' ],
16 silly audit   escalade: [ '3.1.2' ],
16 silly audit   'escape-string-regexp': [ '4.0.0' ],
16 silly audit   eslint: [ '8.57.0' ],
16 silly audit   'eslint-scope': [ '7.2.2' ],
16 silly audit   'eslint-visitor-keys': [ '3.4.3' ],
16 silly audit   espree: [ '9.6.1' ],
16 silly audit   esquery: [ '1.5.0' ],
16 silly audit   esrecurse: [ '4.3.0' ],
16 silly audit   estraverse: [ '5.3.0' ],
16 silly audit   esutils: [ '2.0.3' ],
16 silly audit   'fabric-contract-api': [ '2.5.6' ],
16 silly audit   'fabric-shim': [ '2.5.6' ],
16 silly audit   'fabric-shim-api': [ '2.5.6' ],
16 silly audit   'fast-deep-equal': [ '3.1.3' ],
16 silly audit   'fast-glob': [ '3.3.2' ],
16 silly audit   'glob-parent': [ '5.1.2', '6.0.2' ],
16 silly audit   'fast-json-stable-stringify': [ '2.1.0' ],
16 silly audit   'fast-levenshtein': [ '2.0.6' ],
16 silly audit   'fast-safe-stringify': [ '2.1.1' ],
16 silly audit   fastq: [ '1.17.1' ],
16 silly audit   fecha: [ '4.2.3' ],
16 silly audit   'file-entry-cache': [ '6.0.1' ],
16 silly audit   'fill-range': [ '7.1.1' ],
16 silly audit   'find-up': [ '5.0.0' ],
16 silly audit   'flat-cache': [ '3.2.0' ],
16 silly audit   flatted: [ '3.3.1' ],
16 silly audit   'fn.name': [ '1.1.0' ],
16 silly audit   'fs.realpath': [ '1.0.0' ],
16 silly audit   'get-caller-file': [ '2.0.5' ],
16 silly audit   'get-params': [ '0.1.2' ],
16 silly audit   glob: [ '7.2.3' ],
16 silly audit   globals: [ '13.24.0' ],
16 silly audit   globby: [ '11.1.0' ],
16 silly audit   'google-protobuf': [ '3.21.2' ],
16 silly audit   graphemer: [ '1.4.0' ],
16 silly audit   'has-flag': [ '4.0.0' ],
16 silly audit   ignore: [ '5.3.1' ],
16 silly audit   'import-fresh': [ '3.3.0' ],
16 silly audit   imurmurhash: [ '0.1.4' ],
16 silly audit   inflight: [ '1.0.6' ],
16 silly audit   inherits: [ '2.0.4' ],
16 silly audit   'is-arrayish': [ '0.3.2' ],
16 silly audit   'is-extglob': [ '2.1.1' ],
16 silly audit   'is-fullwidth-code-point': [ '3.0.0' ],
16 silly audit   'is-glob': [ '4.0.3' ],
16 silly audit   'is-number': [ '7.0.0' ],
16 silly audit   'is-path-inside': [ '3.0.3' ],
16 silly audit   'is-plain-obj': [ '2.1.0' ],
16 silly audit   'is-stream': [ '2.0.1' ],
16 silly audit   isexe: [ '2.0.0' ],
16 silly audit   'js-yaml': [ '4.1.0' ],
16 silly audit   'json-buffer': [ '3.0.1' ],
16 silly audit   'json-schema-traverse': [ '0.4.1' ],
16 silly audit   'json-stable-stringify-without-jsonify': [ '1.0.1' ],
16 silly audit   'json-stringify-deterministic': [ '1.0.12' ],
16 silly audit   keyv: [ '4.5.4' ],
16 silly audit   'kind-of': [ '6.0.3' ],
16 silly audit   kuler: [ '2.0.0' ],
16 silly audit   levn: [ '0.4.1' ],
16 silly audit   'locate-path': [ '6.0.0' ],
16 silly audit   'lodash.camelcase': [ '4.3.0' ],
16 silly audit   'lodash.merge': [ '4.6.2' ],
16 silly audit   logform: [ '2.6.0' ],
16 silly audit   long: [ '5.2.3' ],
16 silly audit   merge2: [ '1.4.1' ],
16 silly audit   micromatch: [ '4.0.7' ],
16 silly audit   ms: [ '2.1.2' ],
16 silly audit   'natural-compare': [ '1.4.0' ],
16 silly audit   once: [ '1.4.0' ],
16 silly audit   'one-time': [ '1.0.0' ],
16 silly audit   optionator: [ '0.9.4' ],
16 silly audit   'p-limit': [ '3.1.0' ],
16 silly audit   'p-locate': [ '5.0.0' ],
16 silly audit   'parent-module': [ '1.0.1' ],
16 silly audit   'path-exists': [ '4.0.0' ],
16 silly audit   'path-is-absolute': [ '1.0.1' ],
16 silly audit   'path-key': [ '3.1.1' ],
16 silly audit   'path-type': [ '4.0.0' ],
16 silly audit   picomatch: [ '2.3.1' ],
16 silly audit   'prelude-ls': [ '1.2.1' ],
16 silly audit   protobufjs: [ '7.3.2' ],
16 silly audit   punycode: [ '2.3.1' ],
16 silly audit   'queue-microtask': [ '1.2.3' ],
16 silly audit   'readable-stream': [ '3.6.2' ],
16 silly audit   'reflect-metadata': [ '0.1.14' ],
16 silly audit   'require-directory': [ '2.1.1' ],
16 silly audit   'resolve-from': [ '4.0.0' ],
16 silly audit   reusify: [ '1.0.4' ],
16 silly audit   rimraf: [ '3.0.2' ],
16 silly audit   'run-parallel': [ '1.2.0' ],
16 silly audit   'safe-buffer': [ '5.2.1' ],
16 silly audit   'safe-stable-stringify': [ '2.4.3' ],
16 silly audit   semver: [ '7.6.2' ],
16 silly audit   'shebang-command': [ '2.0.0' ],
16 silly audit   'shebang-regex': [ '3.0.0' ],
16 silly audit   'simple-swizzle': [ '0.2.2' ],
16 silly audit   slash: [ '3.0.0' ],
16 silly audit   'sort-keys': [ '4.2.0' ],
16 silly audit   'sort-keys-recursive': [ '2.1.10' ],
16 silly audit   'stack-trace': [ '0.0.10' ],
16 silly audit   string_decoder: [ '1.3.0' ],
16 silly audit   'string-width': [ '4.2.3' ],
16 silly audit   'strip-ansi': [ '6.0.1' ],
16 silly audit   'strip-json-comments': [ '3.1.1' ],
16 silly audit   'supports-color': [ '7.2.0' ],
16 silly audit   'text-hex': [ '1.0.0' ],
16 silly audit   'text-table': [ '0.2.0' ],
16 silly audit   'to-regex-range': [ '5.0.1' ],
16 silly audit   'triple-beam': [ '1.4.1' ],
16 silly audit   'ts-api-utils': [ '1.3.0' ],
16 silly audit   tweetnacl: [ '1.0.3' ],
16 silly audit   'type-check': [ '0.4.0' ],
16 silly audit   'type-fest': [ '0.20.2' ],
16 silly audit   typescript: [ '5.4.5' ],
16 silly audit   'typescript-eslint': [ '7.13.0' ],
16 silly audit   'undici-types': [ '5.26.5' ],
16 silly audit   'uri-js': [ '4.4.1' ],
16 silly audit   'util-deprecate': [ '1.0.2' ],
16 silly audit   which: [ '2.0.2' ],
16 silly audit   winston: [ '3.13.0' ],
16 silly audit   'winston-transport': [ '4.7.0' ],
16 silly audit   'word-wrap': [ '1.2.5' ],
16 silly audit   'wrap-ansi': [ '7.0.0' ],
16 silly audit   wrappy: [ '1.0.2' ],
16 silly audit   y18n: [ '5.0.8' ],
16 silly audit   yargs: [ '17.7.2' ],
16 silly audit   'yargs-parser': [ '21.1.1' ],
16 silly audit   'yocto-queue': [ '0.1.0' ]
16 silly audit }
17 http fetch POST 200 https://registry.npmjs.org/-/npm/v1/security/advisories/bulk 378ms
18 silly audit report {}
19 verbose cwd /home/dnesllzp/fabric_prototype/fabric-samples/asset-transfer-basic/chaincode-typescript
20 verbose os Linux 5.15.153.1-microsoft-standard-WSL2
21 verbose node v22.4.1
22 verbose npm  v10.8.1
23 verbose exit 0
24 info ok
